java.lang.Exception: Error getting Bloop class path
  bloop.rifle.BloopRifle$.startServer(BloopRifle.scala:51)
  bloop.rifle.BloopServer$.startBloop$1(BloopServer.scala:77)
  bloop.rifle.BloopServer$.ensureBloopRunning(BloopServer.scala:108)
  bloop.rifle.BloopServer$.bsp(BloopServer.scala:156)
  bloop.rifle.BloopServer$.buildServer(BloopServer.scala:186)
  scala.build.bsp.BspImpl.$anonfun$10(BspImpl.scala:424)
  scala.build.compiler.BloopCompiler.<init>(BloopCompiler.scala:15)
  scala.build.bsp.BspImpl.newBloopSession(BspImpl.scala:429)
  scala.build.bsp.BspImpl.run(BspImpl.scala:465)
  scala.cli.commands.bsp.Bsp$.runCommand$$anonfun$1(Bsp.scala:185)
  scala.runtime.function.JProcedure1.apply(JProcedure1.java:15)
  scala.runtime.function.JProcedure1.apply(JProcedure1.java:10)
  scala.build.bsp.BspThreads$.withThreads(BspThreads.scala:23)
  scala.cli.commands.bsp.Bsp$.runCommand(Bsp.scala:174)
  scala.cli.commands.bsp.Bsp$.runCommand(Bsp.scala:76)
  scala.cli.commands.ScalaCommand.run(ScalaCommand.scala:390)
  scala.cli.commands.ScalaCommand.run(ScalaCommand.scala:371)
  caseapp.core.app.CaseApp.main(CaseApp.scala:166)
  scala.cli.commands.ScalaCommand.main(ScalaCommand.scala:356)
  caseapp.core.app.CommandsEntryPoint.main(CommandsEntryPoint.scala:370)
  scala.cli.ScalaCliCommands.main(ScalaCliCommands.scala:125)
  scala.cli.ScalaCli$.main0(ScalaCli.scala:320)
  scala.cli.ScalaCli$.main(ScalaCli.scala:124)
  scala.cli.ScalaCli.main(ScalaCli.scala)
scala.build.errors.FetchingDependenciesError: Error fetching artifacts:
https://repo1.maven.org/maven2/org/scala-lang/scala-compiler/2.12.20/scala-compiler-2.12.20.jar: download error: Caught java.net.SocketException (Connection reset) while downloading https://repo1.maven.org/maven2/org/scala-lang/scala-compiler/2.12.20/scala-compiler-2.12.20.jar
https://repo1.maven.org/maven2/org/scala-sbt/zinc-core_2.12/1.10.4/zinc-core_2.12-1.10.4.jar: download error: Caught java.net.SocketException (Connection reset) while downloading https://repo1.maven.org/maven2/org/scala-sbt/zinc-core_2.12/1.10.4/zinc-core_2.12-1.10.4.jar

  scala.build.Artifacts$.fetchCsDependencies$$anonfun$1$$anonfun$2(Artifacts.scala:700)
  scala.util.Either$LeftProjection.map(Either.scala:622)
  scala.build.Artifacts$.fetchCsDependencies$$anonfun$1(Artifacts.scala:693)
  scala.build.EitherCps$Helper.apply(EitherCps.scala:19)
  scala.build.Artifacts$.fetchCsDependencies(Artifacts.scala:673)
  scala.build.Artifacts$.fetchAnyDependenciesWithResult$$anonfun$1(Artifacts.scala:592)
  scala.build.EitherCps$Helper.apply(EitherCps.scala:19)
  scala.build.Artifacts$.fetchAnyDependenciesWithResult(Artifacts.scala:571)
  scala.build.Artifacts$.fetchAnyDependencies$$anonfun$1(Artifacts.scala:557)
  scala.build.EitherCps$Helper.apply(EitherCps.scala:19)
  scala.build.Artifacts$.fetchAnyDependencies(Artifacts.scala:548)
  scala.build.Artifacts$.artifacts$$anonfun$1(Artifacts.scala:488)
  scala.build.EitherCps$Helper.apply(EitherCps.scala:19)
  scala.build.Artifacts$.artifacts(Artifacts.scala:486)
  scala.build.Bloop$.bloopClassPath$$anonfun$1(Bloop.scala:74)
  scala.build.EitherCps$Helper.apply(EitherCps.scala:19)
  scala.build.Bloop$.bloopClassPath(Bloop.scala:72)
  scala.build.Bloop$.bloopClassPath$$anonfun$2(Bloop.scala:105)
  scala.build.EitherCps$Helper.apply(EitherCps.scala:19)
  scala.build.Bloop$.bloopClassPath(Bloop.scala:95)
  scala.cli.commands.shared.SharedCompilationServerOptions.$anonfun$13(SharedCompilationServerOptions.scala:265)
  bloop.rifle.BloopRifle$.startServer(BloopRifle.scala:50)
  bloop.rifle.BloopServer$.startBloop$1(BloopServer.scala:77)
  bloop.rifle.BloopServer$.ensureBloopRunning(BloopServer.scala:108)
  bloop.rifle.BloopServer$.bsp(BloopServer.scala:156)
  bloop.rifle.BloopServer$.buildServer(BloopServer.scala:186)
  scala.build.bsp.BspImpl.$anonfun$10(BspImpl.scala:424)
  scala.build.compiler.BloopCompiler.<init>(BloopCompiler.scala:15)
  scala.build.bsp.BspImpl.newBloopSession(BspImpl.scala:429)
  scala.build.bsp.BspImpl.run(BspImpl.scala:465)
  scala.cli.commands.bsp.Bsp$.runCommand$$anonfun$1(Bsp.scala:185)
  scala.runtime.function.JProcedure1.apply(JProcedure1.java:15)
  scala.runtime.function.JProcedure1.apply(JProcedure1.java:10)
  scala.build.bsp.BspThreads$.withThreads(BspThreads.scala:23)
  scala.cli.commands.bsp.Bsp$.runCommand(Bsp.scala:174)
  scala.cli.commands.bsp.Bsp$.runCommand(Bsp.scala:76)
  scala.cli.commands.ScalaCommand.run(ScalaCommand.scala:390)
  scala.cli.commands.ScalaCommand.run(ScalaCommand.scala:371)
  caseapp.core.app.CaseApp.main(CaseApp.scala:166)
  scala.cli.commands.ScalaCommand.main(ScalaCommand.scala:356)
  caseapp.core.app.CommandsEntryPoint.main(CommandsEntryPoint.scala:370)
  scala.cli.ScalaCliCommands.main(ScalaCliCommands.scala:125)
  scala.cli.ScalaCli$.main0(ScalaCli.scala:320)
  scala.cli.ScalaCli$.main(ScalaCli.scala:124)
  scala.cli.ScalaCli.main(ScalaCli.scala)
coursier.error.FetchError$DownloadingArtifacts: Error fetching artifacts:
https://repo1.maven.org/maven2/org/scala-lang/scala-compiler/2.12.20/scala-compiler-2.12.20.jar: download error: Caught java.net.SocketException (Connection reset) while downloading https://repo1.maven.org/maven2/org/scala-lang/scala-compiler/2.12.20/scala-compiler-2.12.20.jar
https://repo1.maven.org/maven2/org/scala-sbt/zinc-core_2.12/1.10.4/zinc-core_2.12-1.10.4.jar: download error: Caught java.net.SocketException (Connection reset) while downloading https://repo1.maven.org/maven2/org/scala-sbt/zinc-core_2.12/1.10.4/zinc-core_2.12-1.10.4.jar

  coursier.Artifacts$.$anonfun$fetchArtifacts$9(Artifacts.scala:365)
  coursier.util.Task$.$anonfun$flatMap$extension$1(Task.scala:14)
  coursier.util.Task$.$anonfun$flatMap$extension$1$adapted(Task.scala:14)
  coursier.util.Task$.wrap(Task.scala:82)
  coursier.util.Task$.$anonfun$flatMap$2(Task.scala:14)
  scala.concurrent.impl.Promise$Transformation.run(Promise.scala:470)
  java.base/java.util.concurrent.ThreadPoolExecutor.runWorker(ThreadPoolExecutor.java:1144)
  java.base/java.util.concurrent.ThreadPoolExecutor$Worker.run(ThreadPoolExecutor.java:642)
  java.base/java.lang.Thread.run(Thread.java:1583)
coursier.cache.ArtifactError$DownloadError: download error: Caught java.net.SocketException (Connection reset) while downloading https://repo1.maven.org/maven2/org/scala-lang/scala-compiler/2.12.20/scala-compiler-2.12.20.jar
  coursier.cache.internal.Downloader$.$anonfun$downloading$1(Downloader.scala:808)
  coursier.cache.internal.Retry.loop$1(Retry.scala:23)
  coursier.cache.internal.Retry.retryOpt(Retry.scala:39)
  coursier.cache.internal.Downloader$.coursier$cache$internal$Downloader$$downloading(Downloader.scala:812)
  coursier.cache.internal.Downloader$Blocking$.remote(Downloader.scala:428)
  coursier.cache.internal.Downloader.$anonfun$remote$6(Downloader.scala:546)
  scala.concurrent.Future$.$anonfun$apply$1(Future.scala:687)
  scala.concurrent.impl.Promise$Transformation.run(Promise.scala:467)
  java.base/java.util.concurrent.ThreadPoolExecutor.runWorker(ThreadPoolExecutor.java:1144)
  java.base/java.util.concurrent.ThreadPoolExecutor$Worker.run(ThreadPoolExecutor.java:642)
  java.base/java.lang.Thread.run(Thread.java:1583)
java.net.SocketException: Connection reset
  java.base/sun.nio.ch.NioSocketImpl.implRead(NioSocketImpl.java:318)
  java.base/sun.nio.ch.NioSocketImpl.read(NioSocketImpl.java:346)
  java.base/sun.nio.ch.NioSocketImpl$1.read(NioSocketImpl.java:796)
  java.base/java.net.Socket$SocketInputStream.read(Socket.java:1099)
  java.base/sun.security.ssl.SSLSocketInputRecord.read(SSLSocketInputRecord.java:489)
  java.base/sun.security.ssl.SSLSocketInputRecord.readFully(SSLSocketInputRecord.java:472)
  java.base/sun.security.ssl.SSLSocketInputRecord.decodeInputRecord(SSLSocketInputRecord.java:243)
  java.base/sun.security.ssl.SSLSocketInputRecord.decode(SSLSocketInputRecord.java:181)
  java.base/sun.security.ssl.SSLTransport.decode(SSLTransport.java:111)
  java.base/sun.security.ssl.SSLSocketImpl.decode(SSLSocketImpl.java:1509)
  java.base/sun.security.ssl.SSLSocketImpl.readApplicationRecord(SSLSocketImpl.java:1480)
  java.base/sun.security.ssl.SSLSocketImpl$AppInputStream.read(SSLSocketImpl.java:1066)
  java.base/java.io.BufferedInputStream.read1(BufferedInputStream.java:345)
  java.base/java.io.BufferedInputStream.implRead(BufferedInputStream.java:420)
  java.base/java.io.BufferedInputStream.read(BufferedInputStream.java:399)
  java.base/sun.net.www.MeteredStream.read(MeteredStream.java:131)
  java.base/java.io.FilterInputStream.read(FilterInputStream.java:119)
  java.base/sun.net.www.protocol.http.HttpURLConnection$HttpInputStream.read(HttpURLConnection.java:3692)
  java.base/java.io.BufferedInputStream.read1(BufferedInputStream.java:345)
  java.base/java.io.BufferedInputStream.implRead(BufferedInputStream.java:420)
  java.base/java.io.BufferedInputStream.read(BufferedInputStream.java:399)
  java.base/java.io.FilterInputStream.read(FilterInputStream.java:95)
  coursier.cache.internal.Downloader$.helper$1(Downloader.scala:753)
  coursier.cache.internal.Downloader$.coursier$cache$internal$Downloader$$readFullyTo(Downloader.scala:762)
  coursier.cache.internal.Downloader$Blocking$.doDownload(Downloader.scala:285)
  coursier.cache.internal.Downloader$Blocking$.$anonfun$remote$2(Downloader.scala:423)
  coursier.cache.CacheLocks$.loop$1(CacheLocks.scala:73)
  coursier.cache.CacheLocks$.withLockOr(CacheLocks.scala:93)
  coursier.cache.internal.Downloader$Blocking$.$anonfun$remote$1(Downloader.scala:426)
  coursier.cache.internal.Downloader$.$anonfun$downloading$2(Downloader.scala:776)
  coursier.cache.CacheLocks$.withUrlLock(CacheLocks.scala:112)
  coursier.cache.internal.Downloader$.$anonfun$downloading$1(Downloader.scala:776)
  coursier.cache.internal.Retry.loop$1(Retry.scala:23)
  coursier.cache.internal.Retry.retryOpt(Retry.scala:39)
  coursier.cache.internal.Downloader$.coursier$cache$internal$Downloader$$downloading(Downloader.scala:812)
  coursier.cache.internal.Downloader$Blocking$.remote(Downloader.scala:428)
  coursier.cache.internal.Downloader.$anonfun$remote$6(Downloader.scala:546)
  scala.concurrent.Future$.$anonfun$apply$1(Future.scala:687)
  scala.concurrent.impl.Promise$Transformation.run(Promise.scala:467)
  java.base/java.util.concurrent.ThreadPoolExecutor.runWorker(ThreadPoolExecutor.java:1144)
  java.base/java.util.concurrent.ThreadPoolExecutor$Worker.run(ThreadPoolExecutor.java:642)
  java.base/java.lang.Thread.run(Thread.java:1583)
